<?xml version="1.0" encoding="UTF-8"?>
<!-- Generated by org.testng.reporters.JUnitXMLReporter -->
<testsuite ignored="0" hostname="Rohit" failures="0" tests="8" name="Default test" time="82.128" errors="0" timestamp="2025-12-26T15:44:14 IST">
  <testcase classname="com.JPetStore.Test.RegistrationTest" name="Regis" time="1.792"/>
  <testcase classname="com.JPetStore.Test.DogsOrderTests" name="verifyDog" time="9.192"/>
  <testcase classname="com.JPetStore.Test.BirdsOrderTest" name="verifyBirdTest" time="3.658"/>
  <testcase classname="com.JPetStore.Test.FishOrderTest" name="verifyFish" time="9.11"/>
  <testcase classname="com.JPetStore.Test.ReptileOrderTest" name="verifyReptiles" time="3.692"/>
  <testcase classname="com.JPetStore.Test.BillOrder" name="FinalTest" time="28.523"/>
  <testcase classname="com.JPetStore.Test.LoginTest" name="loginVerify" time="0.978"/>
  <testcase classname="com.JPetStore.Test.CatsOrderTest" name="verifyCat" time="5.664"/>
</testsuite> <!-- Default test -->
