<?xml version="1.0" encoding="UTF-8"?>
<!-- Generated by org.testng.reporters.JUnitXMLReporter -->
<testsuite ignored="0" hostname="Rohit" failures="3" tests="7" name="Test" time="56.755" errors="0" timestamp="2025-12-21T15:37:59 IST">
  <testcase classname="com.JPetStore.Test.RegistrationTest" name="Regis" time="1.856"/>
  <testcase classname="com.JPetStore.Test.LoginTest" name="loginVerify" time="0.985"/>
  <testcase classname="com.JPetStore.Test.DogOrderTest" name="DogTest" time="0.001">
    <failure type="java.lang.NoSuchFieldError" message="lognpge">
      <![CDATA[java.lang.NoSuchFieldError: lognpge
at com.JPetStore.Test.DogOrderTest.DogTest(DogOrderTest.java:11)
at java.base/java.util.ArrayList.forEach(ArrayList.java:1511)
... Removed 27 stack frames]]>
    </failure>
  </testcase> <!-- DogTest -->
  <testcase classname="com.JPetStore.Test.BirdOrderTest" name="BirdsTest" time="0.001">
    <failure type="java.lang.NoSuchFieldError" message="lognpge">
      <![CDATA[java.lang.NoSuchFieldError: lognpge
at com.JPetStore.Test.BirdOrderTest.BirdsTest(BirdOrderTest.java:9)
at java.base/java.util.ArrayList.forEach(ArrayList.java:1511)
... Removed 27 stack frames]]>
    </failure>
  </testcase> <!-- BirdsTest -->
  <testcase classname="com.JPetStore.Test.CatOrderTest" name="BirdsTest" time="0.002">
    <failure type="java.lang.NoSuchFieldError" message="lognpge">
      <![CDATA[java.lang.NoSuchFieldError: lognpge
at com.JPetStore.Test.CatOrderTest.BirdsTest(CatOrderTest.java:11)
at java.base/java.util.ArrayList.forEach(ArrayList.java:1511)
... Removed 27 stack frames]]>
    </failure>
  </testcase> <!-- BirdsTest -->
  <testcase classname="com.JPetStore.Test.FishOrderTest" name="verifyFish" time="9.361"/>
  <testcase classname="com.JPetStore.Test.BillOrder" name="FinalTest" time="29.619"/>
</testsuite> <!-- Test -->
